{"numTotalTestSuites":2,"numPassedTestSuites":2,"numFailedTestSuites":0,"numPendingTestSuites":0,"numTotalTests":4,"numPassedTests":4,"numFailedTests":0,"numPendingTests":0,"numTodoTests":0,"snapshot":{"added":0,"failure":false,"filesAdded":0,"filesRemoved":0,"filesRemovedList":[],"filesUnmatched":0,"filesUpdated":0,"matched":0,"total":0,"unchecked":0,"uncheckedKeysByFile":[],"unmatched":0,"updated":0,"didUpdate":false},"startTime":1783346703293,"success":true,"testResults":[{"assertionResults":[{"ancestorTitles":["EdgeLab research workflow"],"fullName":"EdgeLab research workflow routes from the research landing page into the workspace","status":"passed","title":"routes from the research landing page into the workspace","duration":167.8768,"failureMessages":[],"meta":{}},{"ancestorTitles":["EdgeLab research workflow"],"fullName":"EdgeLab research workflow shows a global menu on app routes but not on the landing page","status":"passed","title":"shows a global menu on app routes but not on the landing page","duration":176.02289999999994,"failureMessages":[],"meta":{}},{"ancestorTitles":["EdgeLab research workflow"],"fullName":"EdgeLab research workflow runs and persists an exact strategy configuration","status":"passed","title":"runs and persists an exact strategy configuration","duration":189.0654000000004,"failureMessages":[],"meta":{}},{"ancestorTitles":["EdgeLab research workflow"],"fullName":"EdgeLab research workflow opens a stored run by its durable run id","status":"passed","title":"opens a stored run by its durable run id","duration":248.39939999999933,"failureMessages":[],"meta":{}}],"startTime":1783346707267,"endTime":1783346708049.3994,"status":"passed","message":"","name":"C:/Users/phill/trading-forge/src/workflow.test.tsx"}]}